<?xml version="1.0" encoding="UTF-8" ?>
<testsuite errors="0" failures="0" hostname="daves-mbp-2.local" name="ca.daverooney.workshop.microtesting.ProductTest" skipped="0" tests="5" time="0.382" timestamp="2015-02-18T17:55:57">
  <properties>
[...]
</properties>
  <testcase classname="ca.daverooney.workshop.microtesting.ProductTest" name="testKnownDataSet" time="0.004" />
  <testcase classname="ca.daverooney.workshop.microtesting.ProductTest" name="testGetInStockProductsShouldOnlyHaveNoProductsWithQuantityZero" time="0.0" />
  <testcase classname="ca.daverooney.workshop.microtesting.ProductTest" name="testGetKnownProductShouldReturnThatProduct" time="0.279" />
  <testcase classname="ca.daverooney.workshop.microtesting.ProductTest" name="testCreateAddsANewProduct" time="0.015" />
  <testcase classname="ca.daverooney.workshop.microtesting.ProductTest" name="testGetAllProductsShouldReturnAllProducts" time="0.0" />
  <system-out><![CDATA[]]></system-out>
  <system-err><![CDATA[]]></system-err>
</testsuite>
